This is pdfTeX, Version 3.141592653-2.6-1.40.25 (TeX Live 2023/Debian) (preloaded format=pdflatex 2026.4.28)  29 APR 2026 16:45
entering extended mode
 restricted \write18 enabled.
 file:line:error style messages enabled.
 %&-line parsing enabled.
**/home/halil/Desktop/GitHub/Articles/Comparison_of_solvers/main.tex
(/home/halil/Desktop/GitHub/Articles/Comparison_of_solvers/main.tex
LaTeX2e <2023-11-01> patch level 1
L3 programming layer <2024-01-22>
(/usr/share/texlive/texmf-dist/tex/latex/base/article.cls
Document Class: article 2023/05/17 v1.4n Standard LaTeX document class
(/usr/share/texlive/texmf-dist/tex/latex/base/size11.clo
File: size11.clo 2023/05/17 v1.4n Standard LaTeX file (size option)
)
\c@part=\count187
\c@section=\count188
\c@subsection=\count189
\c@subsubsection=\count190
\c@paragraph=\count191
\c@subparagraph=\count192
\c@figure=\count193
\c@table=\count194
\abovecaptionskip=\skip48
\belowcaptionskip=\skip49
\bibindent=\dimen140
) (/usr/share/texlive/texmf-dist/tex/latex/base/inputenc.sty
Package: inputenc 2021/02/14 v1.3d Input encoding file
\inpenc@prehook=\toks17
\inpenc@posthook=\toks18
) (/usr/share/texlive/texmf-dist/tex/latex/base/fontenc.sty
Package: fontenc 2021/04/29 v2.0v Standard LaTeX package
) (/usr/share/texlive/texmf-dist/tex/latex/graphics/graphicx.sty
Package: graphicx 2021/09/16 v1.2d Enhanced LaTeX Graphics (DPC,SPQR)
 (/usr/share/texlive/texmf-dist/tex/latex/graphics/keyval.sty
Package: keyval 2022/05/29 v1.15 key=value parser (DPC)
\KV@toks@=\toks19
) (/usr/share/texlive/texmf-dist/tex/latex/graphics/graphics.sty
Package: graphics 2022/03/10 v1.4e Standard LaTeX Graphics (DPC,SPQR)
 (/usr/share/texlive/texmf-dist/tex/latex/graphics/trig.sty
Package: trig 2021/08/11 v1.11 sin cos tan (DPC)
) (/usr/share/texlive/texmf-dist/tex/latex/graphics-cfg/graphics.cfg
File: graphics.cfg 2016/06/04 v1.11 sample graphics configuration
)
Package graphics Info: Driver file: pdftex.def on input line 107.
 (/usr/share/texlive/texmf-dist/tex/latex/graphics-def/pdftex.def
File: pdftex.def 2022/09/22 v1.2b Graphics/color driver for pdftex
))
\Gin@req@height=\dimen141
\Gin@req@width=\dimen142
) (/usr/share/texlive/texmf-dist/tex/latex/amsmath/amsmath.sty
Package: amsmath 2023/05/13 v2.17o AMS math features
\@mathmargin=\skip50

For additional information on amsmath, use the `?' option.
(/usr/share/texlive/texmf-dist/tex/latex/amsmath/amstext.sty
Package: amstext 2021/08/26 v2.01 AMS text
 (/usr/share/texlive/texmf-dist/tex/latex/amsmath/amsgen.sty
File: amsgen.sty 1999/11/30 v2.0 generic functions
\@emptytoks=\toks20
\ex@=\dimen143
)) (/usr/share/texlive/texmf-dist/tex/latex/amsmath/amsbsy.sty
Package: amsbsy 1999/11/29 v1.2d Bold Symbols
\pmbraise@=\dimen144
) (/usr/share/texlive/texmf-dist/tex/latex/amsmath/amsopn.sty
Package: amsopn 2022/04/08 v2.04 operator names
)
\inf@bad=\count195
LaTeX Info: Redefining \frac on input line 234.
\uproot@=\count196
\leftroot@=\count197
LaTeX Info: Redefining \overline on input line 399.
LaTeX Info: Redefining \colon on input line 410.
\classnum@=\count198
\DOTSCASE@=\count199
LaTeX Info: Redefining \ldots on input line 496.
LaTeX Info: Redefining \dots on input line 499.
LaTeX Info: Redefining \cdots on input line 620.
\Mathstrutbox@=\box51
\strutbox@=\box52
LaTeX Info: Redefining \big on input line 722.
LaTeX Info: Redefining \Big on input line 723.
LaTeX Info: Redefining \bigg on input line 724.
LaTeX Info: Redefining \Bigg on input line 725.
\big@size=\dimen145
LaTeX Font Info:    Redeclaring font encoding OML on input line 743.
LaTeX Font Info:    Redeclaring font encoding OMS on input line 744.
\macc@depth=\count266
LaTeX Info: Redefining \bmod on input line 905.
LaTeX Info: Redefining \pmod on input line 910.
LaTeX Info: Redefining \smash on input line 940.
LaTeX Info: Redefining \relbar on input line 970.
LaTeX Info: Redefining \Relbar on input line 971.
\c@MaxMatrixCols=\count267
\dotsspace@=\muskip16
\c@parentequation=\count268
\dspbrk@lvl=\count269
\tag@help=\toks21
\row@=\count270
\column@=\count271
\maxfields@=\count272
\andhelp@=\toks22
\eqnshift@=\dimen146
\alignsep@=\dimen147
\tagshift@=\dimen148
\tagwidth@=\dimen149
\totwidth@=\dimen150
\lineht@=\dimen151
\@envbody=\toks23
\multlinegap=\skip51
\multlinetaggap=\skip52
\mathdisplay@stack=\toks24
LaTeX Info: Redefining \[ on input line 2953.
LaTeX Info: Redefining \] on input line 2954.
) (/usr/share/texlive/texmf-dist/tex/latex/amsfonts/amssymb.sty
Package: amssymb 2013/01/14 v3.01 AMS font symbols
 (/usr/share/texlive/texmf-dist/tex/latex/amsfonts/amsfonts.sty
Package: amsfonts 2013/01/14 v3.01 Basic AMSFonts support
\symAMSa=\mathgroup4
\symAMSb=\mathgroup5
LaTeX Font Info:    Redeclaring math symbol \hbar on input line 98.
LaTeX Font Info:    Overwriting math alphabet `\mathfrak' in version `bold'
(Font)                  U/euf/m/n --> U/euf/b/n on input line 106.
)) (/usr/share/texlive/texmf-dist/tex/latex/booktabs/booktabs.sty
Package: booktabs 2020/01/12 v1.61803398 Publication quality tables
\heavyrulewidth=\dimen152
\lightrulewidth=\dimen153
\cmidrulewidth=\dimen154
\belowrulesep=\dimen155
\belowbottomsep=\dimen156
\aboverulesep=\dimen157
\abovetopsep=\dimen158
\cmidrulesep=\dimen159
\cmidrulekern=\dimen160
\defaultaddspace=\dimen161
\@cmidla=\count273
\@cmidlb=\count274
\@aboverulesep=\dimen162
\@belowrulesep=\dimen163
\@thisruleclass=\count275
\@lastruleclass=\count276
\@thisrulewidth=\dimen164
) (/usr/share/texlive/texmf-dist/tex/latex/hyperref/hyperref.sty
Package: hyperref 2024-01-20 v7.01h Hypertext links for LaTeX
 (/usr/share/texlive/texmf-dist/tex/generic/iftex/iftex.sty
Package: iftex 2022/02/03 v1.0f TeX engine tests
) (/usr/share/texlive/texmf-dist/tex/latex/kvsetkeys/kvsetkeys.sty
Package: kvsetkeys 2022-10-05 v1.19 Key value parser (HO)
) (/usr/share/texlive/texmf-dist/tex/generic/kvdefinekeys/kvdefinekeys.sty
Package: kvdefinekeys 2019-12-19 v1.6 Define keys (HO)
) (/usr/share/texlive/texmf-dist/tex/generic/pdfescape/pdfescape.sty
Package: pdfescape 2019/12/09 v1.15 Implements pdfTeX's escape features (HO)
 (/usr/share/texlive/texmf-dist/tex/generic/ltxcmds/ltxcmds.sty
Package: ltxcmds 2023-12-04 v1.26 LaTeX kernel commands for general use (HO)
) (/usr/share/texlive/texmf-dist/tex/generic/pdftexcmds/pdftexcmds.sty
Package: pdftexcmds 2020-06-27 v0.33 Utility functions of pdfTeX for LuaTeX (HO)
 (/usr/share/texlive/texmf-dist/tex/generic/infwarerr/infwarerr.sty
Package: infwarerr 2019/12/03 v1.5 Providing info/warning/error messages (HO)
)
Package pdftexcmds Info: \pdf@primitive is available.
Package pdftexcmds Info: \pdf@ifprimitive is available.
Package pdftexcmds Info: \pdfdraftmode found.
)) (/usr/share/texlive/texmf-dist/tex/latex/hycolor/hycolor.sty
Package: hycolor 2020-01-27 v1.10 Color options for hyperref/bookmark (HO)
) (/usr/share/texlive/texmf-dist/tex/latex/auxhook/auxhook.sty
Package: auxhook 2019-12-17 v1.6 Hooks for auxiliary files (HO)
) (/usr/share/texlive/texmf-dist/tex/latex/hyperref/nameref.sty
Package: nameref 2023-11-26 v2.56 Cross-referencing by name of section
 (/usr/share/texlive/texmf-dist/tex/latex/refcount/refcount.sty
Package: refcount 2019/12/15 v3.6 Data extraction from label references (HO)
) (/usr/share/texlive/texmf-dist/tex/generic/gettitlestring/gettitlestring.sty
Package: gettitlestring 2019/12/15 v1.6 Cleanup title references (HO)
 (/usr/share/texlive/texmf-dist/tex/latex/kvoptions/kvoptions.sty
Package: kvoptions 2022-06-15 v3.15 Key value format for package options (HO)
))
\c@section@level=\count277
) (/usr/share/texlive/texmf-dist/tex/latex/etoolbox/etoolbox.sty
Package: etoolbox 2020/10/05 v2.5k e-TeX tools for LaTeX (JAW)
\etb@tempcnta=\count278
)
\@linkdim=\dimen165
\Hy@linkcounter=\count279
\Hy@pagecounter=\count280
 (/usr/share/texlive/texmf-dist/tex/latex/hyperref/pd1enc.def
File: pd1enc.def 2024-01-20 v7.01h Hyperref: PDFDocEncoding definition (HO)
Now handling font encoding PD1 ...
... no UTF-8 mapping file for font encoding PD1
) (/usr/share/texlive/texmf-dist/tex/generic/intcalc/intcalc.sty
Package: intcalc 2019/12/15 v1.3 Expandable calculations with integers (HO)
)
\Hy@SavedSpaceFactor=\count281
 (/usr/share/texlive/texmf-dist/tex/latex/hyperref/puenc.def
File: puenc.def 2024-01-20 v7.01h Hyperref: PDF Unicode definition (HO)
Now handling font encoding PU ...
... no UTF-8 mapping file for font encoding PU
)
Package hyperref Info: Option `colorlinks' set `true' on input line 4062.
Package hyperref Info: Hyper figures OFF on input line 4179.
Package hyperref Info: Link nesting OFF on input line 4184.
Package hyperref Info: Hyper index ON on input line 4187.
Package hyperref Info: Plain pages OFF on input line 4194.
Package hyperref Info: Backreferencing OFF on input line 4199.
Package hyperref Info: Implicit mode ON; LaTeX internals redefined.
Package hyperref Info: Bookmarks ON on input line 4446.
\c@Hy@tempcnt=\count282
 (/usr/share/texlive/texmf-dist/tex/latex/url/url.sty
\Urlmuskip=\muskip17
Package: url 2013/09/16  ver 3.4  Verb mode for urls, etc.
)
LaTeX Info: Redefining \url on input line 4784.
\XeTeXLinkMargin=\dimen166
 (/usr/share/texlive/texmf-dist/tex/generic/bitset/bitset.sty
Package: bitset 2019/12/09 v1.3 Handle bit-vector datatype (HO)
 (/usr/share/texlive/texmf-dist/tex/generic/bigintcalc/bigintcalc.sty
Package: bigintcalc 2019/12/15 v1.5 Expandable calculations on big integers (HO)
))
\Fld@menulength=\count283
\Field@Width=\dimen167
\Fld@charsize=\dimen168
Package hyperref Info: Hyper figures OFF on input line 6063.
Package hyperref Info: Link nesting OFF on input line 6068.
Package hyperref Info: Hyper index ON on input line 6071.
Package hyperref Info: backreferencing OFF on input line 6078.
Package hyperref Info: Link coloring ON on input line 6081.
Package hyperref Info: Link coloring with OCG OFF on input line 6088.
Package hyperref Info: PDF/A mode OFF on input line 6093.
 (/usr/share/texlive/texmf-dist/tex/latex/base/atbegshi-ltx.sty
Package: atbegshi-ltx 2021/01/10 v1.0c Emulation of the original atbegshi
package with kernel methods
)
\Hy@abspage=\count284
\c@Item=\count285
\c@Hfootnote=\count286
)
Package hyperref Info: Driver (autodetected): hpdftex.
 (/usr/share/texlive/texmf-dist/tex/latex/hyperref/hpdftex.def
File: hpdftex.def 2024-01-20 v7.01h Hyperref driver for pdfTeX
 (/usr/share/texlive/texmf-dist/tex/latex/base/atveryend-ltx.sty
Package: atveryend-ltx 2020/08/19 v1.0a Emulation of the original atveryend package
with kernel methods
)
\Fld@listcount=\count287
\c@bookmark@seq@number=\count288
 (/usr/share/texlive/texmf-dist/tex/latex/rerunfilecheck/rerunfilecheck.sty
Package: rerunfilecheck 2022-07-10 v1.10 Rerun checks for auxiliary files (HO)
 (/usr/share/texlive/texmf-dist/tex/generic/uniquecounter/uniquecounter.sty
Package: uniquecounter 2019/12/15 v1.4 Provide unlimited unique counter (HO)
)
Package uniquecounter Info: New unique counter `rerunfilecheck' on input line 285.
)
\Hy@SectionHShift=\skip53
) (/usr/share/texlive/texmf-dist/tex/latex/l3backend/l3backend-pdftex.def
File: l3backend-pdftex.def 2024-01-04 L3 backend support: PDF output (pdfTeX)
\l__color_backend_stack_int=\count289
\l__pdf_internal_box=\box53
) (./main.aux)
\openout1 = `main.aux'.

LaTeX Font Info:    Checking defaults for OML/cmm/m/it on input line 12.
LaTeX Font Info:    ... okay on input line 12.
LaTeX Font Info:    Checking defaults for OMS/cmsy/m/n on input line 12.
LaTeX Font Info:    ... okay on input line 12.
LaTeX Font Info:    Checking defaults for OT1/cmr/m/n on input line 12.
LaTeX Font Info:    ... okay on input line 12.
LaTeX Font Info:    Checking defaults for T1/cmr/m/n on input line 12.
LaTeX Font Info:    ... okay on input line 12.
LaTeX Font Info:    Checking defaults for TS1/cmr/m/n on input line 12.
LaTeX Font Info:    ... okay on input line 12.
LaTeX Font Info:    Checking defaults for OMX/cmex/m/n on input line 12.
LaTeX Font Info:    ... okay on input line 12.
LaTeX Font Info:    Checking defaults for U/cmr/m/n on input line 12.
LaTeX Font Info:    ... okay on input line 12.
LaTeX Font Info:    Checking defaults for PD1/pdf/m/n on input line 12.
LaTeX Font Info:    ... okay on input line 12.
LaTeX Font Info:    Checking defaults for PU/pdf/m/n on input line 12.
LaTeX Font Info:    ... okay on input line 12.
 (/usr/share/texlive/texmf-dist/tex/context/base/mkii/supp-pdf.mkii
[Loading MPS to PDF converter (version 2006.09.02).]
\scratchcounter=\count290
\scratchdimen=\dimen169
\scratchbox=\box54
\nofMPsegments=\count291
\nofMParguments=\count292
\everyMPshowfont=\toks25
\MPscratchCnt=\count293
\MPscratchDim=\dimen170
\MPnumerator=\count294
\makeMPintoPDFobject=\count295
\everyMPtoPDFconversion=\toks26
) (/usr/share/texlive/texmf-dist/tex/latex/epstopdf-pkg/epstopdf-base.sty
Package: epstopdf-base 2020-01-24 v2.11 Base part for package epstopdf
Package epstopdf-base Info: Redefining graphics rule for `.eps' on input line 485.
 (/usr/share/texlive/texmf-dist/tex/latex/latexconfig/epstopdf-sys.cfg
File: epstopdf-sys.cfg 2010/07/13 v1.3 Configuration of (r)epstopdf for TeX Live
)) (/usr/share/texlive/texmf-dist/tex/latex/graphics/color.sty
Package: color 2022/01/06 v1.3d Standard LaTeX Color (DPC)
 (/usr/share/texlive/texmf-dist/tex/latex/graphics-cfg/color.cfg
File: color.cfg 2016/01/02 v1.6 sample color configuration
)
Package color Info: Driver file: pdftex.def on input line 149.
 (/usr/share/texlive/texmf-dist/tex/latex/graphics/mathcolor.ltx))
Package hyperref Info: Link coloring ON on input line 12.
\@outlinefile=\write3
\openout3 = `main.out'.

LaTeX Font Info:    Trying to load font information for U+msa on input line 14.
 (/usr/share/texlive/texmf-dist/tex/latex/amsfonts/umsa.fd
File: umsa.fd 2013/01/14 v3.01 AMS symbols A
)
LaTeX Font Info:    Trying to load font information for U+msb on input line 14.
 (/usr/share/texlive/texmf-dist/tex/latex/amsfonts/umsb.fd
File: umsb.fd 2013/01/14 v3.01 AMS symbols B
)

LaTeX Warning: Citation `karakoc2013itubee' on page 1 undefined on input line 16.


Overfull \hbox (3.38773pt too wide) in paragraph at lines 16--17
\T1/cmr/m/n/10 lightweight block ci-pher [[]]. We eval-u-ate the open-source solvers GLPK,
 []


Overfull \hbox (5.6742pt too wide) in paragraph at lines 16--17
\T1/cmr/m/n/10 HiGHS, and SCIP, as well as the com-mer-cial solvers Gurobi and CPLEX,
 []


LaTeX Warning: Citation `karakoc2013itubee' on page 1 undefined on input line 20.


LaTeX Warning: Citation `biham1990differential' on page 1 undefined on input line 22.

[1

{/var/lib/texmf/fonts/map/pdftex/updmap/pdftex.map}{/usr/share/texmf/fonts/enc/dvips/cm-super/cm-super-t1.enc}]

LaTeX Warning: Citation `mouha2012constraint' on page 2 undefined on input line 24.


Overfull \hbox (2.29675pt too wide) in paragraph at lines 26--27
\T1/cmr/m/n/10.95 MILP solvers em-ploy dif-fer-ent al-go-rithms, heuris-tics, and op-ti-miza-tion strate-
 []


LaTeX Warning: Citation `karakocc2013itubee' on page 2 undefined on input line 32.


LaTeX Warning: Reference `fig:itubee' on page 2 undefined on input line 34.


LaTeX Warning: Reference `alg:ITUbee' on page 2 undefined on input line 34.


LaTeX Warning: Reference `tab:ITUbee_rc' on page 2 undefined on input line 34.


/home/halil/Desktop/GitHub/Articles/Comparison_of_solvers/main.tex:85: LaTeX Error: Environment circuitikz undefined.

See the LaTeX manual or LaTeX Companion for explanation.
Type  H <return>  for immediate help.
 ...                                              
                                                  
l.85 }
      %
Your command was ignored.
Type  I <command> <return>  to replace it with another command,
or  <return>  to continue without it.

/home/halil/Desktop/GitHub/Articles/Comparison_of_solvers/main.tex:85: Undefined control sequence.
<argument> \begin {circuitikz} \tikzstyle 
                                          {every node}=[font=\LARGE ] \node ...
l.85 }
      %
The control sequence at the end of the top line
of your error message was never \def'ed. If you have
misspelled it (e.g., `\hobx'), type `I' and the correct
spelling (e.g., `I\hbox'). Otherwise just continue,
and I'll forget about whatever was undefined.

/home/halil/Desktop/GitHub/Articles/Comparison_of_solvers/main.tex:85: Undefined control sequence.
<argument> ...e {every node}=[font=\LARGE ] \node 
                                                  [font=\LARGE ] at (0.75,15...
l.85 }
      %
The control sequence at the end of the top line
of your error message was never \def'ed. If you have
misspelled it (e.g., `\hobx'), type `I' and the correct
spelling (e.g., `I\hbox'). Otherwise just continue,
and I'll forget about whatever was undefined.

/home/halil/Desktop/GitHub/Articles/Comparison_of_solvers/main.tex:85: Undefined control sequence.
<argument> ...=\LARGE ] at (0.75,15.25) {}; \node 
                                                  [font=\LARGE ] at (2.5,16....
l.85 }
      %
The control sequence at the end of the top line
of your error message was never \def'ed. If you have
misspelled it (e.g., `\hobx'), type `I' and the correct
spelling (e.g., `I\hbox'). Otherwise just continue,
and I'll forget about whatever was undefined.

/home/halil/Desktop/GitHub/Articles/Comparison_of_solvers/main.tex:85: Undefined control sequence.
<argument> ...\LARGE ] at (2.5,16.75) {PL}; \draw 
                                                  [short] (2.5,16.25) -- (2....
l.85 }
      %
The control sequence at the end of the top line
of your error message was never \def'ed. If you have
misspelled it (e.g., `\hobx'), type `I' and the correct
spelling (e.g., `I\hbox'). Otherwise just continue,
and I'll forget about whatever was undefined.

/home/halil/Desktop/GitHub/Articles/Comparison_of_solvers/main.tex:85: Undefined control sequence.
<argument> ...ort] (2.5,16.25) -- (2.5,15); \draw 
                                                  (2.5,14.5) circle (0.5cm);...
l.85 }
      %
The control sequence at the end of the top line
of your error message was never \def'ed. If you have
misspelled it (e.g., `\hobx'), type `I' and the correct
spelling (e.g., `I\hbox'). Otherwise just continue,
and I'll forget about whatever was undefined.

/home/halil/Desktop/GitHub/Articles/Comparison_of_solvers/main.tex:85: Undefined control sequence.
<argument> ...aw (2.5,14.5) circle (0.5cm); \draw 
                                                  [short] (2,14.5) -- (3,14....
l.85 }
      %
The control sequence at the end of the top line
of your error message was never \def'ed. If you have
misspelled it (e.g., `\hobx'), type `I' and the correct
spelling (e.g., `I\hbox'). Otherwise just continue,
and I'll forget about whatever was undefined.

/home/halil/Desktop/GitHub/Articles/Comparison_of_solvers/main.tex:85: Undefined control sequence.
<argument> ...[short] (2,14.5) -- (3,14.5); \draw 
                                                  [short] (2.5,15) -- (2.5,1...
l.85 }
      %
The control sequence at the end of the top line
of your error message was never \def'ed. If you have
misspelled it (e.g., `\hobx'), type `I' and the correct
spelling (e.g., `I\hbox'). Otherwise just continue,
and I'll forget about whatever was undefined.

/home/halil/Desktop/GitHub/Articles/Comparison_of_solvers/main.tex:85: Undefined control sequence.
<argument> ...[short] (2.5,15) -- (2.5,14); \draw 
                                                  [->, >=Stealth] (2.5,12.5)...
l.85 }
      %
The control sequence at the end of the top line
of your error message was never \def'ed. If you have
misspelled it (e.g., `\hobx'), type `I' and the correct
spelling (e.g., `I\hbox'). Otherwise just continue,
and I'll forget about whatever was undefined.

/home/halil/Desktop/GitHub/Articles/Comparison_of_solvers/main.tex:85: Undefined control sequence.
<argument> ...h] (2.5,12.5) -- (3.75,12.5); \draw 
                                                  (3.75,13) rectangle node {...
l.85 }
      %
The control sequence at the end of the top line
of your error message was never \def'ed. If you have
misspelled it (e.g., `\hobx'), type `I' and the correct
spelling (e.g., `I\hbox'). Otherwise just continue,
and I'll forget about whatever was undefined.

/home/halil/Desktop/GitHub/Articles/Comparison_of_solvers/main.tex:85: Undefined control sequence.
<argument> ...angle node {\LARGE F} (5,12); \draw 
                                                  [->, >=Stealth] (5,12.5) -...
l.85 }
      %
The control sequence at the end of the top line
of your error message was never \def'ed. If you have
misspelled it (e.g., `\hobx'), type `I' and the correct
spelling (e.g., `I\hbox'). Otherwise just continue,
and I'll forget about whatever was undefined.

/home/halil/Desktop/GitHub/Articles/Comparison_of_solvers/main.tex:85: Undefined control sequence.
<argument> ...lth] (5,12.5) -- (6.25,12.5); \draw 
                                                  (6.75,12.5) circle (0.5cm)...
l.85 }
      %
The control sequence at the end of the top line
of your error message was never \def'ed. If you have
misspelled it (e.g., `\hobx'), type `I' and the correct
spelling (e.g., `I\hbox'). Otherwise just continue,
and I'll forget about whatever was undefined.

/home/halil/Desktop/GitHub/Articles/Comparison_of_solvers/main.tex:85: Undefined control sequence.
<argument> ...w (6.75,12.5) circle (0.5cm); \draw 
                                                  [short] (6.25,12.5) -- (7....
l.85 }
      %
The control sequence at the end of the top line
of your error message was never \def'ed. If you have
misspelled it (e.g., `\hobx'), type `I' and the correct
spelling (e.g., `I\hbox'). Otherwise just continue,
and I'll forget about whatever was undefined.

/home/halil/Desktop/GitHub/Articles/Comparison_of_solvers/main.tex:85: Undefined control sequence.
<argument> ...] (6.25,12.5) -- (7.25,12.5); \draw 
                                                  [short] (6.75,13) -- (6.75...
l.85 }
      %
The control sequence at the end of the top line
of your error message was never \def'ed. If you have
misspelled it (e.g., `\hobx'), type `I' and the correct
spelling (e.g., `I\hbox'). Otherwise just continue,
and I'll forget about whatever was undefined.

/home/halil/Desktop/GitHub/Articles/Comparison_of_solvers/main.tex:85: Undefined control sequence.
<argument> ...hort] (6.75,13) -- (6.75,12); \draw 
                                                  [->, >=Stealth] (7.25,12.5...
l.85 }
      %
The control sequence at the end of the top line
of your error message was never \def'ed. If you have
misspelled it (e.g., `\hobx'), type `I' and the correct
spelling (e.g., `I\hbox'). Otherwise just continue,
and I'll forget about whatever was undefined.

/home/halil/Desktop/GitHub/Articles/Comparison_of_solvers/main.tex:85: Undefined control sequence.
<argument> ...h] (7.25,12.5) -- (8.5,12.5); \draw 
                                                  (9,12.5) circle (0.5cm); \...
l.85 }
      %
The control sequence at the end of the top line
of your error message was never \def'ed. If you have
misspelled it (e.g., `\hobx'), type `I' and the correct
spelling (e.g., `I\hbox'). Otherwise just continue,
and I'll forget about whatever was undefined.

/home/halil/Desktop/GitHub/Articles/Comparison_of_solvers/main.tex:85: Undefined control sequence.
<argument> ...draw (9,12.5) circle (0.5cm); \draw 
                                                  [short] (8.5,12.5) -- (9.5...
l.85 }
      %
The control sequence at the end of the top line
of your error message was never \def'ed. If you have
misspelled it (e.g., `\hobx'), type `I' and the correct
spelling (e.g., `I\hbox'). Otherwise just continue,
and I'll forget about whatever was undefined.

/home/halil/Desktop/GitHub/Articles/Comparison_of_solvers/main.tex:85: Undefined control sequence.
<argument> ...rt] (8.5,12.5) -- (9.5,12.5); \draw 
                                                  [short] (9,13) -- (9,12); ...
l.85 }
      %
The control sequence at the end of the top line
of your error message was never \def'ed. If you have
misspelled it (e.g., `\hobx'), type `I' and the correct
spelling (e.g., `I\hbox'). Otherwise just continue,
and I'll forget about whatever was undefined.

/home/halil/Desktop/GitHub/Articles/Comparison_of_solvers/main.tex:85: Undefined control sequence.
<argument> ...raw [short] (9,13) -- (9,12); \draw 
                                                  [->, >=Stealth] (9.5,12.5)...
l.85 }
      %
The control sequence at the end of the top line
of your error message was never \def'ed. If you have
misspelled it (e.g., `\hobx'), type `I' and the correct
spelling (e.g., `I\hbox'). Otherwise just continue,
and I'll forget about whatever was undefined.

/home/halil/Desktop/GitHub/Articles/Comparison_of_solvers/main.tex:85: Undefined control sequence.
<argument> ...lth] (9.5,12.5) -- (11,12.5); \draw 
                                                  (11,13) rectangle node {\L...
l.85 }
      %
The control sequence at the end of the top line
of your error message was never \def'ed. If you have
misspelled it (e.g., `\hobx'), type `I' and the correct
spelling (e.g., `I\hbox'). Otherwise just continue,
and I'll forget about whatever was undefined.

/home/halil/Desktop/GitHub/Articles/Comparison_of_solvers/main.tex:85: Undefined control sequence.
<argument> ...e node {\LARGE L} (12.25,12); \draw 
                                                  [->, >=Stealth] (12.25,12....
l.85 }
      %
The control sequence at the end of the top line
of your error message was never \def'ed. If you have
misspelled it (e.g., `\hobx'), type `I' and the correct
spelling (e.g., `I\hbox'). Otherwise just continue,
and I'll forget about whatever was undefined.

/home/halil/Desktop/GitHub/Articles/Comparison_of_solvers/main.tex:85: Undefined control sequence.
<argument> ...(12.25,12.5) -- (13.75,12.5); \draw 
                                                  (13.75,13) rectangle node ...
l.85 }
      %
The control sequence at the end of the top line
of your error message was never \def'ed. If you have
misspelled it (e.g., `\hobx'), type `I' and the correct
spelling (e.g., `I\hbox'). Otherwise just continue,
and I'll forget about whatever was undefined.

/home/halil/Desktop/GitHub/Articles/Comparison_of_solvers/main.tex:85: Undefined control sequence.
<argument> ...ngle node {\LARGE F} (15,12); \draw 
                                                  [->, >=Stealth] (15,12.5) ...
l.85 }
      %
The control sequence at the end of the top line
of your error message was never \def'ed. If you have
misspelled it (e.g., `\hobx'), type `I' and the correct
spelling (e.g., `I\hbox'). Otherwise just continue,
and I'll forget about whatever was undefined.

/home/halil/Desktop/GitHub/Articles/Comparison_of_solvers/main.tex:85: Undefined control sequence.
<argument> ...alth] (15,12.5) -- (17,12.5); \draw 
                                                  (17.5,12.5) circle (0.5cm)...
l.85 }
      %
The control sequence at the end of the top line
of your error message was never \def'ed. If you have
misspelled it (e.g., `\hobx'), type `I' and the correct
spelling (e.g., `I\hbox'). Otherwise just continue,
and I'll forget about whatever was undefined.

/home/halil/Desktop/GitHub/Articles/Comparison_of_solvers/main.tex:85: Undefined control sequence.
<argument> ...w (17.5,12.5) circle (0.5cm); \draw 
                                                  [short] (17,12.5) -- (18,1...
l.85 }
      %
The control sequence at the end of the top line
of your error message was never \def'ed. If you have
misspelled it (e.g., `\hobx'), type `I' and the correct
spelling (e.g., `I\hbox'). Otherwise just continue,
and I'll forget about whatever was undefined.

/home/halil/Desktop/GitHub/Articles/Comparison_of_solvers/main.tex:85: Undefined control sequence.
<argument> ...hort] (17,12.5) -- (18,12.5); \draw 
                                                  [short] (17.5,13) -- (17.5...
l.85 }
      %
The control sequence at the end of the top line
of your error message was never \def'ed. If you have
misspelled it (e.g., `\hobx'), type `I' and the correct
spelling (e.g., `I\hbox'). Otherwise just continue,
and I'll forget about whatever was undefined.

/home/halil/Desktop/GitHub/Articles/Comparison_of_solvers/main.tex:85: Undefined control sequence.
<argument> ...hort] (17.5,13) -- (17.5,12); \draw 
                                                  [short] (17.5,13) -- (17.5...
l.85 }
      %
The control sequence at the end of the top line
of your error message was never \def'ed. If you have
misspelled it (e.g., `\hobx'), type `I' and the correct
spelling (e.g., `I\hbox'). Otherwise just continue,
and I'll forget about whatever was undefined.

/home/halil/Desktop/GitHub/Articles/Comparison_of_solvers/main.tex:85: Undefined control sequence.
<argument> ...t] (17.5,13) -- (17.5,13.25); \node 
                                                  [font=\LARGE ] at (17.5,16...
l.85 }
      %
The control sequence at the end of the top line
of your error message was never \def'ed. If you have
misspelled it (e.g., `\hobx'), type `I' and the correct
spelling (e.g., `I\hbox'). Otherwise just continue,
and I'll forget about whatever was undefined.

/home/halil/Desktop/GitHub/Articles/Comparison_of_solvers/main.tex:85: Undefined control sequence.
<argument> ...LARGE ] at (17.5,16.75) {PR}; \draw 
                                                  [short] (17.5,16.25) -- (1...
l.85 }
      %
The control sequence at the end of the top line
of your error message was never \def'ed. If you have
misspelled it (e.g., `\hobx'), type `I' and the correct
spelling (e.g., `I\hbox'). Otherwise just continue,
and I'll forget about whatever was undefined.

/home/halil/Desktop/GitHub/Articles/Comparison_of_solvers/main.tex:85: Undefined control sequence.
<argument> ...t] (17.5,16.25) -- (17.5,15); \draw 
                                                  (17.5,14.5) circle (0.5cm)...
l.85 }
      %
The control sequence at the end of the top line
of your error message was never \def'ed. If you have
misspelled it (e.g., `\hobx'), type `I' and the correct
spelling (e.g., `I\hbox'). Otherwise just continue,
and I'll forget about whatever was undefined.

/home/halil/Desktop/GitHub/Articles/Comparison_of_solvers/main.tex:85: Undefined control sequence.
<argument> ...w (17.5,14.5) circle (0.5cm); \draw 
                                                  [short] (17,14.5) -- (18,1...
l.85 }
      %
The control sequence at the end of the top line
of your error message was never \def'ed. If you have
misspelled it (e.g., `\hobx'), type `I' and the correct
spelling (e.g., `I\hbox'). Otherwise just continue,
and I'll forget about whatever was undefined.

/home/halil/Desktop/GitHub/Articles/Comparison_of_solvers/main.tex:85: Undefined control sequence.
<argument> ...hort] (17,14.5) -- (18,14.5); \draw 
                                                  [short] (17.5,15) -- (17.5...
l.85 }
      %
The control sequence at the end of the top line
of your error message was never \def'ed. If you have
misspelled it (e.g., `\hobx'), type `I' and the correct
spelling (e.g., `I\hbox'). Otherwise just continue,
and I'll forget about whatever was undefined.

/home/halil/Desktop/GitHub/Articles/Comparison_of_solvers/main.tex:85: Undefined control sequence.
<argument> ...hort] (17.5,15) -- (17.5,14); \draw 
                                                  [short] (17.5,14) -- (17.5...
l.85 }
      %
The control sequence at the end of the top line
of your error message was never \def'ed. If you have
misspelled it (e.g., `\hobx'), type `I' and the correct
spelling (e.g., `I\hbox'). Otherwise just continue,
and I'll forget about whatever was undefined.

/home/halil/Desktop/GitHub/Articles/Comparison_of_solvers/main.tex:85: Undefined control sequence.
<argument> ...t] (17.5,14) -- (17.5,13.25); \draw 
                                                  [short] (2.5,14) -- (2.5,1...
l.85 }
      %
The control sequence at the end of the top line
of your error message was never \def'ed. If you have
misspelled it (e.g., `\hobx'), type `I' and the correct
spelling (e.g., `I\hbox'). Otherwise just continue,
and I'll forget about whatever was undefined.

/home/halil/Desktop/GitHub/Articles/Comparison_of_solvers/main.tex:85: Undefined control sequence.
<argument> ...hort] (2.5,14) -- (2.5,12.5); \draw 
                                                  [short] (2.5,12.5) -- (2.5...
l.85 }
      %
The control sequence at the end of the top line
of your error message was never \def'ed. If you have
misspelled it (e.g., `\hobx'), type `I' and the correct
spelling (e.g., `I\hbox'). Otherwise just continue,
and I'll forget about whatever was undefined.

/home/halil/Desktop/GitHub/Articles/Comparison_of_solvers/main.tex:85: Undefined control sequence.
<argument> ...t] (2.5,12.5) -- (2.5,11.25); \draw 
                                                  [short] (17.5,12) -- (17.5...
l.85 }
      %
The control sequence at the end of the top line
of your error message was never \def'ed. If you have
misspelled it (e.g., `\hobx'), type `I' and the correct
spelling (e.g., `I\hbox'). Otherwise just continue,
and I'll forget about whatever was undefined.

/home/halil/Desktop/GitHub/Articles/Comparison_of_solvers/main.tex:85: Undefined control sequence.
<argument> ...t] (17.5,12) -- (17.5,11.25); \draw 
                                                  [short] (17.5,11.25) -- (2...
l.85 }
      %
The control sequence at the end of the top line
of your error message was never \def'ed. If you have
misspelled it (e.g., `\hobx'), type `I' and the correct
spelling (e.g., `I\hbox'). Otherwise just continue,
and I'll forget about whatever was undefined.

/home/halil/Desktop/GitHub/Articles/Comparison_of_solvers/main.tex:85: Undefined control sequence.
<argument> ...] (17.5,11.25) -- (2.5,8.75); \draw 
                                                  [short] (2.5,11.25) -- (17...
l.85 }
      %
The control sequence at the end of the top line
of your error message was never \def'ed. If you have
misspelled it (e.g., `\hobx'), type `I' and the correct
spelling (e.g., `I\hbox'). Otherwise just continue,
and I'll forget about whatever was undefined.

/home/halil/Desktop/GitHub/Articles/Comparison_of_solvers/main.tex:85: Undefined control sequence.
<argument> ...] (2.5,11.25) -- (17.5,8.75); \draw 
                                                  [->, >=Stealth] (2.5,8.75)...
l.85 }
      %
The control sequence at the end of the top line
of your error message was never \def'ed. If you have
misspelled it (e.g., `\hobx'), type `I' and the correct
spelling (e.g., `I\hbox'). Otherwise just continue,
and I'll forget about whatever was undefined.

/home/halil/Desktop/GitHub/Articles/Comparison_of_solvers/main.tex:85: Undefined control sequence.
<argument> ...ealth] (2.5,8.75) -- (2.5,8); \draw 
                                                  [->, >=Stealth] (17.5,8.75...
l.85 }
      %
The control sequence at the end of the top line
of your error message was never \def'ed. If you have
misspelled it (e.g., `\hobx'), type `I' and the correct
spelling (e.g., `I\hbox'). Otherwise just continue,
and I'll forget about whatever was undefined.

/home/halil/Desktop/GitHub/Articles/Comparison_of_solvers/main.tex:85: Undefined control sequence.
<argument> ...lth] (17.5,8.75) -- (17.5,8); \node 
                                                  [font=\LARGE ] at (1.5,14....
l.85 }
      %
The control sequence at the end of the top line
of your error message was never \def'ed. If you have
misspelled it (e.g., `\hobx'), type `I' and the correct
spelling (e.g., `I\hbox'). Otherwise just continue,
and I'll forget about whatever was undefined.

/home/halil/Desktop/GitHub/Articles/Comparison_of_solvers/main.tex:85: Undefined control sequence.
<argument> ...=\LARGE ] at (1.5,14.5) {KL}; \node 
                                                  [font=\LARGE ] at (18.5,14...
l.85 }
      %
The control sequence at the end of the top line
of your error message was never \def'ed. If you have
misspelled it (e.g., `\hobx'), type `I' and the correct
spelling (e.g., `I\hbox'). Otherwise just continue,
and I'll forget about whatever was undefined.

/home/halil/Desktop/GitHub/Articles/Comparison_of_solvers/main.tex:85: Undefined control sequence.
<argument> ...\LARGE ] at (18.5,14.5) {KR}; \node 
                                                  [font=\LARGE ] at (6.75,13...
l.85 }
      %
The control sequence at the end of the top line
of your error message was never \def'ed. If you have
misspelled it (e.g., `\hobx'), type `I' and the correct
spelling (e.g., `I\hbox'). Otherwise just continue,
and I'll forget about whatever was undefined.

/home/halil/Desktop/GitHub/Articles/Comparison_of_solvers/main.tex:85: Undefined control sequence.
<argument> ...\LARGE ] at (6.75,13.5) {KR}; \node 
                                                  [font=\LARGE ] at (9,13.5)...
l.85 }
      %
The control sequence at the end of the top line
of your error message was never \def'ed. If you have
misspelled it (e.g., `\hobx'), type `I' and the correct
spelling (e.g., `I\hbox'). Otherwise just continue,
and I'll forget about whatever was undefined.

/home/halil/Desktop/GitHub/Articles/Comparison_of_solvers/main.tex:85: Undefined control sequence.
<argument> ...nt=\LARGE ] at (9,13.5) {Rc}; \node 
                                                  [font=\LARGE ] at (9,13.5)...
l.85 }
      %
The control sequence at the end of the top line
of your error message was never \def'ed. If you have
misspelled it (e.g., `\hobx'), type `I' and the correct
spelling (e.g., `I\hbox'). Otherwise just continue,
and I'll forget about whatever was undefined.


/home/halil/Desktop/GitHub/Articles/Comparison_of_solvers/main.tex:85: LaTeX Error: \begin{figure} on input line 36 ended by \end{circuitikz}.

See the LaTeX manual or LaTeX Companion for explanation.
Type  H <return>  for immediate help.
 ...                                              
                                                  
l.85 }
      %
Your command was ignored.
Type  I <command> <return>  to replace it with another command,
or  <return>  to continue without it.


/home/halil/Desktop/GitHub/Articles/Comparison_of_solvers/main.tex:91: LaTeX Error: Environment algorithm undefined.

See the LaTeX manual or LaTeX Companion for explanation.
Type  H <return>  for immediate help.
 ...                                              
                                                  
l.91 \begin{algorithm}
                      [H]
Your command was ignored.
Type  I <command> <return>  to replace it with another command,
or  <return>  to continue without it.

/home/halil/Desktop/GitHub/Articles/Comparison_of_solvers/main.tex:92: Undefined control sequence.
l.92     \DontPrintSemicolon
                            
The control sequence at the end of the top line
of your error message was never \def'ed. If you have
misspelled it (e.g., `\hobx'), type `I' and the correct
spelling (e.g., `I\hbox'). Otherwise just continue,
and I'll forget about whatever was undefined.

/home/halil/Desktop/GitHub/Articles/Comparison_of_solvers/main.tex:95: Undefined control sequence.
l.95     \For
             {$i = 1$ to $20$}{
The control sequence at the end of the top line
of your error message was never \def'ed. If you have
misspelled it (e.g., `\hobx'), type `I' and the correct
spelling (e.g., `I\hbox'). Otherwise just continue,
and I'll forget about whatever was undefined.

/home/halil/Desktop/GitHub/Articles/Comparison_of_solvers/main.tex:96: Undefined control sequence.
l.96         \If
                {$i \in \{1, 3, \dots, 19\}$}{
The control sequence at the end of the top line
of your error message was never \def'ed. If you have
misspelled it (e.g., `\hobx'), type `I' and the correct
spelling (e.g., `I\hbox'). Otherwise just continue,
and I'll forget about whatever was undefined.

/home/halil/Desktop/GitHub/Articles/Comparison_of_solvers/main.tex:99: Undefined control sequence.
l.99         \Else
                  {
The control sequence at the end of the top line
of your error message was never \def'ed. If you have
misspelled it (e.g., `\hobx'), type `I' and the correct
spelling (e.g., `I\hbox'). Otherwise just continue,
and I'll forget about whatever was undefined.

/home/halil/Desktop/GitHub/Articles/Comparison_of_solvers/main.tex:103: Undefined control sequence.
l.103         \tcp
                  {Round constant is added to the rightmost 16 bits}
The control sequence at the end of the top line
of your error message was never \def'ed. If you have
misspelled it (e.g., `\hobx'), type `I' and the correct
spelling (e.g., `I\hbox'). Otherwise just continue,
and I'll forget about whatever was undefined.


/home/halil/Desktop/GitHub/Articles/Comparison_of_solvers/main.tex:107: LaTeX Error: \caption outside float.

See the LaTeX manual or LaTeX Companion for explanation.
Type  H <return>  for immediate help.
 ...                                              
                                                  
l.107     \caption
                  {Pseudo code for ITUbee encryption}
You're in trouble here.  Try typing  <return>  to proceed.
If that doesn't work, type  X <return>  to quit.


/home/halil/Desktop/GitHub/Articles/Comparison_of_solvers/main.tex:109: LaTeX Error: \begin{document} ended by \end{algorithm}.

See the LaTeX manual or LaTeX Companion for explanation.
Type  H <return>  for immediate help.
 ...                                              
                                                  
l.109 \end{algorithm}
                     
Your command was ignored.
Type  I <command> <return>  to replace it with another command,
or  <return>  to continue without it.


/home/halil/Desktop/GitHub/Articles/Comparison_of_solvers/main.tex:111: LaTeX Error: Unknown float option `H'.

See the LaTeX manual or LaTeX Companion for explanation.
Type  H <return>  for immediate help.
 ...                                              
                                                  
l.111 \begin{table}[H]
                      
Option `H' ignored and `p' used.


Overfull \hbox (13.29944pt too wide) in paragraph at lines 113--129
 [][] 
 []

[2]
Underfull \hbox (badness 10000) in paragraph at lines 167--168

 []


LaTeX Warning: Citation `dworkin2001advanced' on page 3 undefined on input line 172.


LaTeX Warning: Citation `glpk2024' on page 3 undefined on input line 188.


LaTeX Warning: Citation `highs2023' on page 3 undefined on input line 191.

[3]

LaTeX Warning: Citation `scip2023' on page 4 undefined on input line 194.


LaTeX Warning: Citation `gurobi2024' on page 4 undefined on input line 197.


LaTeX Warning: Citation `cplex2024' on page 4 undefined on input line 200.

[4] [5] [6]
LaTeX Font Info:    Trying to load font information for T1+cmtt on input line 317.
 (/usr/share/texlive/texmf-dist/tex/latex/base/t1cmtt.fd
File: t1cmtt.fd 2023/04/13 v2.5m Standard LaTeX font definitions
) [7] [8] (./main.aux)
 ***********
LaTeX2e <2023-11-01> patch level 1
L3 programming layer <2024-01-22>
 ***********


LaTeX Warning: There were undefined references.


LaTeX Warning: Label(s) may have changed. Rerun to get cross-references right.


Package rerunfilecheck Warning: File `main.out' has changed.
(rerunfilecheck)                Rerun to get outlines right
(rerunfilecheck)                or use package `bookmark'.

Package rerunfilecheck Info: Checksums for `main.out':
(rerunfilecheck)             Before: <no file>
(rerunfilecheck)             After:  233E972000A83B48A958076A144BF1B1;3150.
 ) 
Here is how much of TeX's memory you used:
 10029 strings out of 474222
 150966 string characters out of 5748733
 1941975 words of memory out of 5000000
 32104 multiletter control sequences out of 15000+600000
 573906 words of font info for 79 fonts, out of 8000000 for 9000
 1141 hyphenation exceptions out of 8191
 75i,9n,79p,1187b,564s stack positions out of 10000i,1000n,20000p,200000b,200000s
</usr/share/texlive/texmf-dist/fonts/type1/public/amsfonts/cm/cmex10.pfb></usr/share/texlive/texmf-dist/fonts/type1/public/amsfonts/cm/cmmi10.pfb></usr/share/texlive/texmf-dist/fonts/type1/public/amsfonts/cm/cmmi8.pfb></usr/share/texlive/texmf-dist/fonts/type1/public/amsfonts/cm/cmr10.pfb></usr/share/texlive/texmf-dist/fonts/type1/public/amsfonts/cm/cmr8.pfb></usr/share/texlive/texmf-dist/fonts/type1/public/amsfonts/cm/cmsy10.pfb></usr/share/texlive/texmf-dist/fonts/type1/public/amsfonts/cm/cmsy8.pfb></usr/share/texmf/fonts/type1/public/cm-super/sfbx1000.pfb></usr/share/texmf/fonts/type1/public/cm-super/sfbx1095.pfb></usr/share/texmf/fonts/type1/public/cm-super/sfbx1200.pfb></usr/share/texmf/fonts/type1/public/cm-super/sfbx1440.pfb></usr/share/texmf/fonts/type1/public/cm-super/sfrm1000.pfb></usr/share/texmf/fonts/type1/public/cm-super/sfrm1095.pfb></usr/share/texmf/fonts/type1/public/cm-super/sfrm1200.pfb></usr/share/texmf/fonts/type1/public/cm-super/sfrm1728.pfb></usr/share/texmf/fonts/type1/public/cm-super/sfti1095.pfb></usr/share/texmf/fonts/type1/public/cm-super/sftt1095.pfb>
Output written on main.pdf (8 pages, 305986 bytes).
PDF statistics:
 185 PDF objects out of 1000 (max. 8388607)
 139 compressed objects within 2 object streams
 50 named destinations out of 1000 (max. 500000)
 1 words of extra memory for PDF output out of 10000 (max. 10000000)

